absl-py==1.3.0
aiofiles==22.1.0
antlr4-python3-runtime==4.9.3
anyio==3.6.2
argcomplete==2.0.0
backcall==0.2.0
backports.cached-property==1.0.2
black==22.3.0
boto3==1.25.4
botocore==1.28.4
cachetools==5.2.0
ccimport==0.4.2
certifi==2022.9.24
charset-normalizer==2.1.1
click==8.1.3
cloudpickle==2.2.0
colorama @ file:///home/conda/feedstock_root/build_artifacts/colorama_1655412516417/work
contourpy==1.0.5
cumm-cu117==0.3.7
cycler==0.11.0
dacite==1.6.0
debugpy==1.4.1
decorator==5.0.9
Deprecated==1.2.13
-e git+https://github.com/facebookresearch/detectron2.git@32bd159d7263683e39bf4e87e5c4ac88bad2fd73#egg=detectron2
dill==0.3.6
dnspython==2.2.1
easydict==1.10
entrypoints==0.3
eventlet==0.33.1
fairscale==0.4.12
fiftyone==0.17.2
fiftyone-brain==0.9.1
fiftyone-db==0.3.0
filelock==3.8.0
fire==0.4.0
fonttools==4.38.0
future==0.18.2
fvcore @ git+https://github.com/facebookresearch/fvcore.git@34cceb47e0298a7bebee8491328ab2c983c7a0a2
glob2==0.7
google-auth==2.13.0
google-auth-oauthlib==0.4.6
graphql-core==3.1.7
greenlet==1.1.3.post0
grpcio==1.50.0
h11==0.12.0
h2==4.1.0
hpack==4.0.0
httpcore==0.15.0
httpx==0.23.0
huggingface-hub==0.10.1
hydra-core==1.2.0
hypercorn==0.14.3
hyperframe==6.0.1
idna==3.4
imageio==2.22.2
importlib-metadata==5.0.0
iopath==0.1.9
ipykernel==6.2.0
ipython==7.26.0
ipython-genutils==0.2.0
jedi==0.18.0
Jinja2==3.1.2
jmespath==1.0.1
joblib==1.2.0
jupyter-client==7.0.1
jupyter-core==4.7.1
kaleido==0.2.1
kiwisolver==1.4.4
lark==1.1.4
llvmlite==0.39.1
Markdown==3.4.1
MarkupSafe==2.1.1
matplotlib==3.6.1
matplotlib-inline==0.1.2
mkl-fft==1.3.1
mkl-random==1.2.2
mkl-service==2.4.0
mongoengine==0.20.0
motor==2.5.1
mypy-extensions==0.4.3
ndjson==0.3.1
nest-asyncio==1.5.1
networkx==2.8.7
ninja==1.11.1
numba==0.56.4
numpy==1.23.4
oauthlib==3.2.2
olefile @ file:///home/conda/feedstock_root/build_artifacts/olefile_1602866521163/work
omegaconf==2.2.3
opencv-python==4.6.0.66
opencv-python-headless==4.6.0.66
packaging==21.3
pandas==1.5.1
parso==0.8.2
pathspec==0.10.1
patool==1.12
pccm==0.4.4
-e git+https://github.com/open-mmlab/OpenPCDet.git@f221374a5cb9398fd089aa7194732c808c700355#egg=pcdet
pexpect==4.8.0
pickleshare==0.7.5
Pillow==9.2.0
platformdirs==2.5.2
plotly==5.11.0
portalocker @ file:///home/conda/feedstock_root/build_artifacts/portalocker_1666490097931/work
pprintpp==0.4.0
priority==2.0.0
prompt-toolkit==3.0.20
protobuf==3.19.6
psutil==5.9.3
ptyprocess==0.7.0
pyasn1==0.4.8
pyasn1-modules==0.2.8
pybind11==2.10.1
pycocotools==2.0.5
pydot==1.4.2
Pygments==2.10.0
pymongo==3.12.3
pyparsing==3.0.9
python-dateutil==2.8.2
python-multipart==0.0.5
pytz==2022.5
pytz-deprecation-shim==0.1.0.post0
PyWavelets==1.4.1
PyYAML @ file:///home/conda/feedstock_root/build_artifacts/pyyaml_1648757097602/work
pyzmq==22.2.1
requests==2.28.1
requests-oauthlib==1.3.1
retrying==1.3.3
rfc3986==1.5.0
rsa==4.9
s3transfer==0.6.0
scikit-image==0.19.3
scikit-learn==1.1.3
scipy==1.9.3
sentinel==0.3.0
SharedArray==3.2.2
six @ file:///home/conda/feedstock_root/build_artifacts/six_1620240208055/work
sniffio==1.3.0
sortedcontainers==2.4.0
spconv-cu117==2.2.6
sse-starlette==0.10.3
sseclient-py==1.7.2
starlette==0.16.0
strawberry-graphql==0.96.0
tabulate @ file:///home/conda/feedstock_root/build_artifacts/tabulate_1665138452165/work
tenacity==8.1.0
tensorboard==2.10.1
tensorboard-data-server==0.6.1
tensorboard-plugin-wit==1.8.1
tensorboardX==2.5.1
termcolor @ file:///home/conda/feedstock_root/build_artifacts/termcolor_1662985294144/work
threadpoolctl==3.1.0
tifffile==2022.10.10
timm==0.6.11
toml==0.10.2
tomli==2.0.1
torch==1.12.1
torchaudio==0.10.1
torchvision==0.13.1
tornado==6.1
tqdm @ file:///home/conda/feedstock_root/build_artifacts/tqdm_1662214488106/work
traitlets==5.0.5
typing_extensions @ file:///home/conda/feedstock_root/build_artifacts/typing_extensions_1665144421445/work
tzdata==2022.5
tzlocal==4.2
universal-analytics-python3==1.1.1
urllib3==1.26.12
voxel51-eta==0.8.1
wcwidth==0.2.5
Werkzeug==2.2.2
wrapt==1.14.1
wsproto==1.2.0
xmltodict==0.13.0
yacs @ file:///home/conda/feedstock_root/build_artifacts/yacs_1645705974477/work
zipp==3.9.0
